2018-03-14 15:22:45,463 ERROR 未能正确打开页面:https://www.baidu.com/' 
2018-03-14 15:22:55,698 ERROR 找不到元素:('name', 'tj_trhao123')' 
2018-03-14 15:23:00,451 ERROR 未能正确打开页面:https://www.baidu.com/' 
2018-03-14 15:23:05,719 ERROR 找不到元素:('link text', u'\u66f4\u591a\u4ea7\u54c1')' 
2018-03-14 15:23:05,721 ERROR 截图失败：打开百度知道' 
2018-03-14 15:23:09,768 ERROR 未能正确打开页面:https://www.baidu.com/' 
2018-03-14 15:23:20,014 ERROR 找不到元素:('id', 'kw')' 
2018-03-14 15:23:30,751 ERROR 未能正确打开页面:https://www.baidu.com/' 
2018-03-14 15:23:35,463 ERROR 邮件发送测试报告失败 at/Users/xujiajia/Desktop/test_case/LdxSmart/model/common/send_email.py' 
2018-03-14 15:23:37,551 ERROR 找不到元素:('name', 'tj_trhao123')' 
2018-03-14 15:23:37,554 ERROR 截图失败：从百度首页打开hao123' 
2018-03-14 15:23:41,565 ERROR 未能正确打开页面:https://www.baidu.com/' 
2018-03-14 15:23:51,871 ERROR 找不到元素:('link text', u'\u66f4\u591a\u4ea7\u54c1')' 
2018-03-14 15:23:55,548 ERROR 未能正确打开页面:https://www.baidu.com/' 
2018-03-14 15:24:05,819 ERROR 找不到元素:('id', 'kw')' 
2018-03-14 15:24:21,198 ERROR 邮件发送测试报告失败 at/Users/xujiajia/Desktop/test_case/LdxSmart/model/common/send_email.py' 
2018-03-14 15:26:15,239 ERROR 未能正确打开页面:https://www.baidu.com/' 
2018-03-14 15:26:25,515 ERROR 找不到元素:('name', 'tj_trhao123')' 
2018-03-14 15:26:29,626 ERROR 未能正确打开页面:https://www.baidu.com/' 
2018-03-14 15:26:39,926 ERROR 找不到元素:('link text', u'\u66f4\u591a\u4ea7\u54c1')' 
2018-03-14 15:26:43,928 ERROR 未能正确打开页面:https://www.baidu.com/' 
2018-03-14 15:26:53,992 ERROR 找不到元素:('id', 'kw')' 
2018-03-14 15:26:53,998 ERROR 截图失败：百度搜索' 
2018-03-14 15:30:48,682 ERROR 未能正确打开页面:https://www.baidu.com/' 
2018-03-14 15:30:58,912 ERROR 找不到元素:('id', 'kw')' 
2018-03-14 15:37:24,632 ERROR 未能正确打开页面:https://www.baidu.com/' 
2018-03-14 15:37:35,030 ERROR 找不到元素:('id', 'kw')' 
2018-03-14 15:42:58,650 ERROR 未能正确打开页面:https://www.baidu.com/' 
2018-03-14 15:43:04,761 ERROR 找不到元素:('id', 'kw')' 
2018-03-14 15:43:04,764 ERROR 截图失败：百度搜索' 
2018-03-14 15:43:21,173 ERROR 邮件发送测试报告失败 at/Users/xujiajia/Desktop/test_case/LdxSmart/model/common/send_email.py' 
2018-03-15 11:38:57,955 ERROR 未能正确打开页面:https://www.baidu.com/' 
2018-03-15 11:39:08,164 ERROR 找不到元素:('id', 'kw')' 
2018-03-15 11:39:23,600 ERROR 邮件发送测试报告失败 at/Users/xujiajia/Desktop/test_case/LdxSmart/model/common/send_email.py' 
2018-03-15 11:42:15,969 ERROR 未能正确打开页面:http://192.168.1.79:8080' 
2018-03-15 11:42:34,335 ERROR 找不到元素:('id', 'kw')' 
2018-03-15 11:44:06,310 ERROR 未能正确打开页面:www.baidu.com' 
2018-03-15 11:44:16,527 ERROR 找不到元素:('id', 'kw')' 
2018-03-15 11:44:31,821 ERROR 邮件发送测试报告失败 at/Users/xujiajia/Desktop/test_case/LdxSmart/model/common/send_email.py' 
2018-03-15 11:47:08,044 ERROR 未能正确打开页面:http://www.baidu.com' 
2018-03-15 11:47:18,272 ERROR 找不到元素:('id', 'kw')' 
2018-03-15 11:47:33,580 ERROR 邮件发送测试报告失败 at/Users/xujiajia/Desktop/test_case/LdxSmart/model/common/send_email.py' 
2018-03-15 11:47:56,630 ERROR 未能正确打开页面:http://www.baidu.com' 
2018-03-15 11:48:06,980 ERROR 找不到元素:('id', 'kw')' 
2018-03-15 11:48:22,261 ERROR 邮件发送测试报告失败 at/Users/xujiajia/Desktop/test_case/LdxSmart/model/common/send_email.py' 
2018-03-15 11:48:47,120 ERROR 未能正确打开页面:http://www.baidu.com' 
2018-03-15 11:48:57,550 ERROR 找不到元素:('id', 'kw')' 
2018-03-15 11:49:13,481 ERROR 邮件发送测试报告失败 at/Users/xujiajia/Desktop/test_case/LdxSmart/model/common/send_email.py' 
2018-03-15 11:57:44,910 ERROR 未能正确打开页面:http://www.baidu.com' 
2018-03-15 11:57:55,127 ERROR 找不到元素:('id', 'kw')' 
2018-03-15 11:58:10,477 ERROR 邮件发送测试报告失败 at/Users/xujiajia/Desktop/test_case/LdxSmart/model/common/send_email.py' 
2018-03-15 14:18:39,741 ERROR 未能正确打开页面:http://192.168.1.79:8080' 
2018-03-15 14:18:56,642 ERROR 找不到元素:('id', 'name')' 
2018-03-15 14:20:18,160 ERROR 未能正确打开页面:http://192.168.1.79:8080' 
2018-03-15 14:20:37,116 ERROR 找不到元素:('id', 'name')' 
2018-03-15 14:20:58,966 ERROR 邮件发送测试报告失败 at/Users/xujiajia/Desktop/test_case/LdxSmart/model/common/send_email.py' 
2018-03-15 14:23:50,153 ERROR 未能正确打开页面:http://192.168.1.79:8080' 
2018-03-15 14:24:12,104 ERROR 找不到元素:('id', 'name')' 
2018-03-15 14:24:48,980 ERROR 未能正确打开页面:http://192.168.1.79:8080' 
2018-03-15 14:28:06,978 ERROR 未能正确打开页面:http://192.168.1.79:8080' 
2018-03-15 15:27:32,048 ERROR 未能正确打开页面:http://192.168.1.79:8080' 
2018-03-15 15:29:40,993 ERROR 未能正确打开页面:http://192.168.1.79:8080' 
2018-03-15 15:29:58,554 ERROR 邮件发送测试报告失败 at/Users/xujiajia/Desktop/test_case/LdxSmart/model/common/send_email.py' 
2018-03-15 15:31:26,971 ERROR 未能正确打开页面:http://192.168.1.79:8080' 
2018-03-15 15:57:49,426 ERROR 未能正确打开页面:http://192.168.1.79:8080' 
2018-03-15 16:00:55,980 ERROR 邮件发送测试报告失败 at/Users/xujiajia/Desktop/test_case/LdxSmart/model/common/send_email.py' 
2018-03-15 16:04:46,558 ERROR 未能正确打开页面:http://192.168.1.79:8080' 
2018-03-15 16:06:02,240 ERROR 邮件发送测试报告失败 at/Users/xujiajia/Desktop/test_case/LdxSmart/model/common/send_email.py' 
2018-03-15 16:09:12,537 ERROR 未能正确打开页面:http://192.168.1.79:8080' 
2018-03-15 16:10:24,327 ERROR 邮件发送测试报告失败 at/Users/xujiajia/Desktop/test_case/LdxSmart/model/common/send_email.py' 
2018-03-15 16:15:01,542 ERROR 未能正确打开页面:http://192.168.1.79:8080' 
2018-03-15 17:08:55,065 ERROR 未能正确打开页面:http://192.168.1.79:8080' 
2018-03-15 17:11:48,864 ERROR 未能正确打开页面:http://192.168.1.79:8080' 
2018-03-15 17:28:39,601 ERROR 未能正确打开页面:http://192.168.1.79:8080' 
2018-03-15 17:28:50,122 ERROR 找不到元素:(<model.pages.getCargo_page.getCargo object at 0x10c15d990>, ('link text', '\xe6\x94\xb6\xe8\xb4\xa7'))' 
2018-03-15 17:34:26,600 ERROR 未能正确打开页面:http://192.168.1.79:8080' 
2018-03-15 17:34:40,327 ERROR 找不到元素:(<model.pages.getCargo_page.getCargo object at 0x10a23c950>, ('xpath', 'html/body/div[1]/div[1]/div/div[2]/ul/li[4]/a'))' 
2018-03-15 17:37:59,650 ERROR 未能正确打开页面:http://192.168.1.79:8080' 
2018-03-15 17:41:37,738 ERROR 未能正确打开页面:http://192.168.1.79:8080' 
2018-03-15 17:42:09,121 ERROR 找不到元素:('link text', '\xe6\x94\xb6\xe8\xb4\xa7')' 
2018-03-15 18:03:33,215 ERROR 未能正确打开页面:http://192.168.1.79:8080' 
2018-03-16 10:25:50,229 ERROR 未能正确打开页面:http://192.168.1.79:8080' 
2018-03-16 10:26:39,387 ERROR 找不到元素:('\xe6\x94\xb6\xe8\xb4\xa7',)' 
2018-03-16 10:37:29,516 ERROR 未能正确打开页面:http://192.168.1.79:8080' 
2018-03-16 10:38:48,088 ERROR 找不到元素:('\xe6\x94\xb6\xe8\xb4\xa7',)' 
2018-03-16 10:42:33,959 ERROR 未能正确打开页面:http://192.168.1.79:8080' 
2018-03-16 10:49:56,946 ERROR 未能正确打开页面:http://192.168.1.79:8080' 
2018-03-16 10:59:35,180 ERROR 未能正确打开页面:http://192.168.1.79:8080' 
2018-03-16 11:03:18,833 ERROR 未能正确打开页面:http://192.168.1.79:8080' 
2018-03-16 11:15:15,872 ERROR 未能正确打开页面:http://192.168.1.79:8080' 
2018-03-16 11:15:25,926 ERROR 找不到元素:('name', 'name')' 
2018-03-16 11:15:25,929 ERROR 截图失败：登陆' 
2018-03-16 11:16:21,023 ERROR 未能正确打开页面:http://192.168.1.79:8080' 
2018-03-16 11:16:33,843 ERROR 找不到元素:('name', 'name')' 
2018-03-16 11:17:11,060 ERROR 未能正确打开页面:http://192.168.1.79:8080' 
2018-03-16 11:18:53,121 ERROR 未能正确打开页面:http://192.168.1.79:8080' 
2018-03-16 14:15:22,727 ERROR 未能正确打开页面:http://192.168.1.79:8080' 
2018-03-16 14:15:45,021 ERROR 找不到元素:('xpath', 'html/body/div[1]/div[1]/div/div[2]/ul/li[4]/a')' 
2018-03-16 14:15:45,022 ERROR 截图失败：进入收货页面失败' 
2018-03-16 14:15:48,028 ERROR 截图失败：客户代码提示失败' 
2018-03-16 14:20:09,627 ERROR 未能正确打开页面:http://192.168.1.79:8080' 
2018-03-16 14:23:12,575 ERROR 找不到元素:('99452125-ee47-47f0-b151-5839b108e2e2',)' 
2018-03-16 14:23:18,820 ERROR 输入失败,loc=('99452125-ee47-47f0-b151-5839b108e2e2',);value=SH020' 
2018-03-16 14:27:16,703 ERROR 未能正确打开页面:http://192.168.1.79:8080' 
2018-03-16 14:31:10,305 ERROR 未能正确打开页面:http://192.168.1.79:8080' 
2018-03-16 14:32:30,298 ERROR 找不到元素:('99452125-ee47-47f0-b151-5839b108e2e2',)' 
2018-03-16 14:33:09,507 ERROR 输入失败,loc=('99452125-ee47-47f0-b151-5839b108e2e2',);value=SH020' 
2018-03-16 14:36:13,082 ERROR 未能正确打开页面:http://192.168.1.79:8080' 
2018-03-16 14:39:49,056 ERROR 未能正确打开页面:http://192.168.1.79:8080' 
2018-03-16 14:42:37,658 ERROR 未能正确打开页面:http://192.168.1.79:8080' 
2018-03-16 14:50:33,455 ERROR 未能正确打开页面:http://192.168.1.79:8080' 
2018-03-16 14:50:57,350 ERROR 找不到元素:('xpath', 'html/body/div[1]/div[1]/div/div[2]/ul/li[4]/a')' 
2018-03-16 14:51:10,778 ERROR 找不到元素:('id', '99452125-ee47-47f0-b151-5839b108e2e2')' 
2018-03-16 14:51:19,563 ERROR 未能正确打开页面:http://192.168.1.79:8080' 
2018-03-16 15:17:31,897 ERROR 未能正确打开页面:http://192.168.1.79:8080' 
2018-03-16 15:17:59,811 ERROR 找不到元素:('xpath', 'html/body/div[3]/ul/li[1]')' 
2018-03-16 15:18:08,896 ERROR 未能正确打开页面:http://192.168.1.79:8080' 
2018-03-16 15:24:24,586 ERROR 未能正确打开页面:http://192.168.1.79:8080' 
2018-03-16 15:27:36,875 ERROR 未能正确打开页面:http://192.168.1.79:8080' 
2018-03-16 15:30:20,632 ERROR 未能正确打开页面:http://192.168.1.79:8080' 
2018-03-16 15:31:54,621 ERROR 找不到元素:('xpath', 'html/body/div[3]/ul/li[1]')' 
2018-03-16 16:10:02,180 ERROR 未能正确打开页面:http://192.168.1.79:8080' 
2018-03-16 16:34:27,728 ERROR 未能正确打开页面:http://192.168.1.79:8080' 
2018-03-16 16:34:27,730 ERROR 找不到元素:('name', 'name')' 
2018-03-16 16:34:27,731 ERROR 截图失败：登陆' 
2018-03-16 16:39:51,050 ERROR 未能正确打开页面:http://192.168.1.79:8080' 
2018-03-16 16:39:51,053 ERROR 找不到元素:('name', 'name')' 
2018-03-16 16:39:51,055 ERROR 截图失败：登陆' 
2018-03-16 18:27:47,617 ERROR 未能正确打开页面:http://www.baidu.com' 
2018-03-16 18:27:47,623 ERROR 找不到元素:('id', 'kw')' 
2018-03-16 18:27:47,624 ERROR 截图失败：百度搜索' 
2018-03-16 18:28:02,893 ERROR 邮件发送测试报告失败 at/Users/xujiajia/Desktop/test_case/LdxSmart/model/common/send_email.py' 
2018-03-18 16:50:13,211 ERROR 未能正确打开页面:http://ld.ldxpress.com' 
2018-03-18 16:50:23,538 ERROR 找不到元素:('name', 'name')' 
2018-03-18 16:52:41,065 ERROR 未能正确打开页面:http://ld.ldxpress.com' 
2018-03-18 16:52:58,841 ERROR 邮件发送测试报告失败 at/Users/xujiajia/Desktop/test_case/LdxSmart/model/common/send_email.pyc' 
2018-03-20 16:50:51,904 ERROR 找不到元素:('99452125-ee47-47f0-b151-5839b108e2e2',)' 
2018-03-20 16:50:51,907 ERROR 输入失败,loc=('99452125-ee47-47f0-b151-5839b108e2e2',);value=HQ080' 
2018-03-21 11:22:32,821 ERROR 未能正确打开页面:http://ld.ldxpress.com' 
2018-03-21 11:22:32,834 ERROR 找不到元素:('name', 'name')' 
2018-03-21 11:22:32,835 ERROR 截图失败：登陆' 
2018-04-17 11:02:34,891 ERROR 找不到元素:('c64eaed4-39e4-42bc-8af8-8ee5b9be3129',)' 
2018-04-17 11:02:34,893 ERROR 输入失败,loc=('c64eaed4-39e4-42bc-8af8-8ee5b9be3129',);value=HQ080' 
2018-04-17 11:03:44,288 ERROR 找不到元素:('edba28b7-298f-4156-964c-9fcdac596c43',)' 
2018-04-17 11:03:44,290 ERROR 输入失败,loc=('edba28b7-298f-4156-964c-9fcdac596c43',);value=20180320010' 
2018-04-17 11:03:55,750 ERROR 找不到元素:('af14aa77-6f59-4fed-96c7-b8045fd97dbb',)' 
2018-04-17 11:03:55,751 ERROR 输入失败,loc=('af14aa77-6f59-4fed-96c7-b8045fd97dbb',);value=test_remark' 
2018-04-17 11:06:01,292 ERROR 找不到元素:('c64eaed4-39e4-42bc-8af8-8ee5b9be3129',)' 
2018-04-17 11:06:01,293 ERROR 输入失败,loc=('c64eaed4-39e4-42bc-8af8-8ee5b9be3129',);value=HQ080' 
2018-04-17 11:06:13,843 ERROR 找不到元素:('edba28b7-298f-4156-964c-9fcdac596c43',)' 
2018-04-17 11:06:13,844 ERROR 输入失败,loc=('edba28b7-298f-4156-964c-9fcdac596c43',);value=20180417010' 
2018-04-17 11:06:59,500 ERROR 找不到元素:('af14aa77-6f59-4fed-96c7-b8045fd97dbb',)' 
2018-04-17 11:06:59,501 ERROR 输入失败,loc=('af14aa77-6f59-4fed-96c7-b8045fd97dbb',);value=test_remark' 
2018-04-17 11:15:11,310 ERROR 找不到元素:('c64eaed4-39e4-42bc-8af8-8ee5b9be3129',)' 
2018-04-17 11:15:11,312 ERROR 输入失败,loc=('c64eaed4-39e4-42bc-8af8-8ee5b9be3129',);value=HQ080' 
2018-04-17 11:15:27,000 ERROR 找不到元素:('edba28b7-298f-4156-964c-9fcdac596c43',)' 
2018-04-17 11:15:27,001 ERROR 输入失败,loc=('edba28b7-298f-4156-964c-9fcdac596c43',);value=20180417010' 
2018-04-17 11:43:57,686 ERROR 找不到元素:('c64eaed4-39e4-42bc-8af8-8ee5b9be3129',)' 
2018-04-17 11:43:57,687 ERROR 输入失败,loc=('c64eaed4-39e4-42bc-8af8-8ee5b9be3129',);value=HQ080' 
2018-04-17 11:44:36,774 ERROR 输入单号回车失败' 
2018-04-17 11:44:36,809 ERROR 找不到元素:('af14aa77-6f59-4fed-96c7-b8045fd97dbb',)' 
2018-04-17 11:44:36,809 ERROR 输入失败,loc=('af14aa77-6f59-4fed-96c7-b8045fd97dbb',);value=test_remark' 
2018-04-17 11:44:36,810 ERROR 找不到元素:('id', 'b705124e-a92e-486b-a344-39e1a4ce9748')' 
2018-04-17 11:47:05,294 ERROR 找不到元素:('c64eaed4-39e4-42bc-8af8-8ee5b9be3129',)' 
2018-04-17 11:47:05,295 ERROR 输入失败,loc=('c64eaed4-39e4-42bc-8af8-8ee5b9be3129',);value=SH' 
2018-04-17 11:47:26,037 ERROR 输入单号回车失败' 
2018-04-17 11:47:26,083 ERROR 找不到元素:('af14aa77-6f59-4fed-96c7-b8045fd97dbb',)' 
2018-04-17 11:47:26,084 ERROR 输入失败,loc=('af14aa77-6f59-4fed-96c7-b8045fd97dbb',);value=test_remark' 
2018-04-17 11:47:26,085 ERROR 找不到元素:('id', 'b705124e-a92e-486b-a344-39e1a4ce9748')' 
2018-04-17 11:50:22,642 ERROR 找不到元素:('c64eaed4-39e4-42bc-8af8-8ee5b9be3129',)' 
2018-04-17 11:52:58,012 ERROR 找不到元素:('c64eaed4-39e4-42bc-8af8-8ee5b9be3129',)' 
2018-04-17 14:40:11,879 ERROR 找不到元素:('c64eaed4-39e4-42bc-8af8-8ee5b9be3129',)' 
2018-04-17 14:40:11,880 ERROR 输入失败,loc=('c64eaed4-39e4-42bc-8af8-8ee5b9be3129',);value=SH' 
2018-04-17 14:44:29,446 ERROR 输入单号回车失败' 
2018-04-17 14:44:29,486 ERROR 找不到元素:('af14aa77-6f59-4fed-96c7-b8045fd97dbb',)' 
2018-04-17 14:44:29,486 ERROR 输入失败,loc=('af14aa77-6f59-4fed-96c7-b8045fd97dbb',);value=test_remark' 
2018-04-17 14:44:29,487 ERROR 找不到元素:('id', 'b705124e-a92e-486b-a344-39e1a4ce9748')' 
2018-04-17 14:46:19,199 ERROR 找不到元素:('c64eaed4-39e4-42bc-8af8-8ee5b9be3129',)' 
2018-04-17 14:46:24,146 ERROR 输入失败,loc=('c64eaed4-39e4-42bc-8af8-8ee5b9be3129',);value=SH' 
2018-04-17 14:47:11,837 ERROR 找不到元素:('edba28b7-298f-4156-964c-9fcdac596c43',)' 
2018-04-17 14:47:16,628 ERROR 输入失败,loc=('edba28b7-298f-4156-964c-9fcdac596c43',);value=20180417010' 
2018-04-17 14:47:18,404 ERROR 找不到元素:('id', 'edba28b7-298f-4156-964c-9fcdac596c43')' 
2018-04-17 14:47:18,404 ERROR 输入单号回车失败' 
2018-04-17 14:47:18,447 ERROR 找不到元素:('af14aa77-6f59-4fed-96c7-b8045fd97dbb',)' 
2018-04-17 14:47:18,448 ERROR 输入失败,loc=('af14aa77-6f59-4fed-96c7-b8045fd97dbb',);value=test_remark' 
2018-04-17 14:47:18,449 ERROR 找不到元素:('id', 'b705124e-a92e-486b-a344-39e1a4ce9748')' 
2018-04-17 14:51:00,671 ERROR 输入单号回车失败' 
2018-04-17 14:51:00,729 ERROR 找不到元素:('af14aa77-6f59-4fed-96c7-b8045fd97dbb',)' 
2018-04-17 14:51:00,729 ERROR 输入失败,loc=('af14aa77-6f59-4fed-96c7-b8045fd97dbb',);value=test_remark' 
2018-04-17 14:51:00,731 ERROR 找不到元素:('id', 'b705124e-a92e-486b-a344-39e1a4ce9748')' 
2018-04-17 14:54:31,600 ERROR 找不到元素:('af14aa77-6f59-4fed-96c7-b8045fd97dbb',)' 
2018-04-17 14:54:31,600 ERROR 输入失败,loc=('af14aa77-6f59-4fed-96c7-b8045fd97dbb',);value=test_remark' 
2018-04-17 14:55:06,955 INFO None' 
2018-04-17 15:09:44,364 INFO {u'current_site': ObjectId('59cfbe0b26b45e667224a047'), u'send_tel': u'0216414803', u'send_add': u'\u4e0a\u6d77\u666e\u9640\u6768\u6797\u5927\u9053200\u53f7', u'pieces': 1, u'date': datetime.datetime(2018, 4, 17, 7, 9, 38, 308000), u'delivery_weight': 0.0, u'customer_name': u'HQ082_name', u'send_city': u'\u666e\u9640', u'port_volume': 0.0, u'receive_region': ObjectId('59c39e0d26b45e3120c503cf'), u'pay_mode': 0, u'receive_sys_user': ObjectId('5a1d590fff11902795d1d0a0'), u'port_weight': 0.0, u'cargo_type': 0, u'state': u'0102', u'waybill_no': u'20180417010', u'delivery_volume': 0.0, u'customer_id': ObjectId('59d5ea7526b45e667224a0c6'), u'customer_code': u'HQ082', u'update_time': datetime.datetime(2018, 4, 17, 7, 9, 38), u'account_flag': 0, u'handle_flag': 0, u'send_province': u'\u4e0a\u6d77', u'send_region': ObjectId('59c39e0026b45e3120c503ce'), u'remarks': u'test_remark', u'invoice_currency': u'USD', u'sender': u'\u6768\u5e7f', u'tax_pay_mode': 1, u'product_id': ObjectId('59d987d826b45e667224baad'), u'send_zipcode': u'220011', u'send_add_en': u'SHANGHAI PUTUO YANGLI 200', u'_id': ObjectId('5ad59db29a2ea933c3332a44'), u'abnormal_flag': 0, u'sender_company': u'\u4e0a\u6d77\u5de8\u7075\u6709\u9650\u516c\u53f8', u'order_weight': None}' 
2018-04-17 15:29:29,378 INFO {u'current_site': ObjectId('59cfbe0b26b45e667224a047'), u'send_tel': u'0216414803', u'send_add': u'\u4e0a\u6d77\u666e\u9640\u6768\u6797\u5927\u9053200\u53f7', u'pieces': 1, u'date': datetime.datetime(2018, 4, 17, 7, 9, 38, 308000), u'delivery_weight': 0.0, u'customer_name': u'HQ082_name', u'send_city': u'\u666e\u9640', u'port_volume': 0.0, u'receive_region': ObjectId('59c39e0d26b45e3120c503cf'), u'pay_mode': 0, u'receive_sys_user': ObjectId('5a1d590fff11902795d1d0a0'), u'port_weight': 0.0, u'cargo_type': 0, u'state': u'0102', u'waybill_no': u'20180417010', u'delivery_volume': 0.0, u'customer_id': ObjectId('59d5ea7526b45e667224a0c6'), u'customer_code': u'HQ082', u'update_time': datetime.datetime(2018, 4, 17, 7, 9, 38), u'account_flag': 0, u'handle_flag': 0, u'send_province': u'\u4e0a\u6d77', u'send_region': ObjectId('59c39e0026b45e3120c503ce'), u'remarks': u'test_remark', u'invoice_currency': u'USD', u'sender': u'\u6768\u5e7f', u'tax_pay_mode': 1, u'product_id': ObjectId('59d987d826b45e667224baad'), u'send_zipcode': u'220011', u'send_add_en': u'SHANGHAI PUTUO YANGLI 200', u'_id': ObjectId('5ad59db29a2ea933c3332a44'), u'abnormal_flag': 0, u'sender_company': u'\u4e0a\u6d77\u5de8\u7075\u6709\u9650\u516c\u53f8', u'order_weight': None}' 
2018-04-17 15:48:24,508 INFO 客户代码回车查询成功,正常显示客户名称' 
2018-04-17 15:50:40,483 INFO 客户代码回车查询成功,正常显示客户名称' 
2018-04-17 16:57:34,930 ERROR 客户代码回车查询未成功' 
2018-04-17 18:27:44,132 INFO Collection(Database(MongoClient(host=['192.168.1.168:27017'], document_class=dict, tz_aware=False, connect=True), u'LdxSmart'), u'packageItem')' 
2018-04-17 18:29:06,898 ERROR 客户名称显示错误' 
2018-04-17 18:29:06,960 ERROR 找不到元素:('id', '99452125-ee47-47f0-b151-5839b108e2e2')' 
2018-04-17 18:29:06,961 ERROR 客户代码显示错误' 
2018-04-17 18:29:06,962 ERROR 找不到元素:('id', '6b1b4069-19af-40e3-8d69-f440fabb53f4')' 
2018-04-17 18:29:06,962 ERROR 货物类型显示错误' 
2018-04-17 18:29:06,965 ERROR 找不到元素:('id', 'aa01943e-dcc9-4564-8ab1-b3dc2d0cb6b5')' 
2018-04-17 18:29:06,966 ERROR 产品显示错误' 
2018-04-17 18:29:06,967 ERROR 找不到元素:('id', 'c64eaed4-39e4-42bc-8af8-8ee5b9be3129')' 
2018-04-17 18:29:06,968 ERROR 客户名称显示错误' 
2018-04-17 18:29:06,968 ERROR 找不到元素:('id', 'ab56d00a-1ed0-4008-ab49-7980d65f9ef0')' 
2018-04-17 18:29:06,969 ERROR 收货总重显示错误' 
2018-04-17 18:29:06,970 ERROR 找不到元素:('id', '0906fedf-3944-465a-abaa-c890bcd1452a')' 
2018-04-17 18:29:06,970 ERROR 预录重量显示错误' 
2018-04-17 18:34:43,074 INFO Collection(Database(MongoClient(host=['192.168.1.168:27017'], document_class=dict, tz_aware=False, connect=True), u'LdxSmart'), u'packageItem')' 
2018-04-17 18:35:01,404 INFO 客户名称显示正确' 
2018-04-17 18:35:06,686 INFO 客户代码显示正确' 
2018-04-28 19:02:30,778 ERROR 输入客户代码回车失败' 
2018-04-28 19:02:30,792 ERROR 找不到元素:('id', 'aa01943e-dcc9-4564-8ab1-b3dc2d0cb6b5')' 
2018-04-28 19:02:30,793 ERROR 产品选择失败' 
2018-04-28 19:02:30,794 ERROR 找不到元素:('id', '6b1b4069-19af-40e3-8d69-f440fabb53f4')' 
2018-04-28 19:02:30,794 ERROR 货物类型选择失败' 
2018-04-28 19:02:30,795 ERROR 找不到元素:('edba28b7-298f-4156-964c-9fcdac596c43',)' 
2018-04-28 19:02:30,795 ERROR 输入失败,loc=('edba28b7-298f-4156-964c-9fcdac596c43',);value=20180417010' 
2018-04-28 19:02:30,796 ERROR 找不到元素:('id', 'edba28b7-298f-4156-964c-9fcdac596c43')' 
2018-04-28 19:02:30,796 ERROR 输入单号回车失败' 
2018-04-28 19:02:30,796 ERROR 找不到元素:('af14aa77-6f59-4fed-96c7-b8045fd97dbb',)' 
2018-04-28 19:02:30,797 ERROR 输入失败,loc=('af14aa77-6f59-4fed-96c7-b8045fd97dbb',);value=test_remark' 
2018-04-28 19:02:30,797 ERROR 找不到元素:('id', 'b705124e-a92e-486b-a344-39e1a4ce9748')' 
2018-06-27 14:51:57,721 ERROR 未能正确打开收货页面:http://192.168.1.79:8080/kfForm/show?formId=59fc0289ff1190258b802b8c' 
2018-06-27 14:52:00,723 ERROR 客户代码元素未找到' 
2018-06-27 14:52:10,980 ERROR 找不到元素:('id', 'c64eaed4-39e4-42bc-8af8-8ee5b9be3129')' 
2018-06-27 15:31:43,790 ERROR 未能正确打开收货页面:http://192.168.1.79:8080/kfForm/show?formId=5a15328bff11902184e23399' 
2018-06-27 15:32:32,574 ERROR 模板选择失败' 
2018-06-27 15:41:43,337 ERROR 未能正确打开收货页面:http://192.168.1.79:8080/kfForm/show?formId=5a15328bff11902184e23399' 
2018-06-27 15:42:21,158 ERROR 模板选择失败' 
2018-06-27 15:45:56,815 ERROR 未能正确打开收货页面:http://192.168.1.79:8080/kfForm/show?formId=5a15328bff11902184e23399' 
2018-06-27 15:46:16,560 ERROR 模板选择失败' 
2018-06-27 15:51:54,769 ERROR 未能正确打开收货页面:http://192.168.1.79:8080/kfForm/show?formId=5a15328bff11902184e23399' 
2018-06-27 15:52:06,442 ERROR 模板选择失败' 
2018-06-27 15:56:47,872 ERROR 未能正确打开收货页面:http://192.168.1.79:8080/kfForm/show?formId=5a15328bff11902184e23399' 
2018-06-27 15:56:53,081 ERROR 模板选择失败' 
2018-06-27 16:05:03,590 ERROR 未能正确打开收货页面:http://192.168.1.79:8080/kfForm/show?formId=5a15328bff11902184e23399' 
2018-06-27 16:05:08,773 ERROR 模板选择失败' 
2018-06-27 16:05:08,774 ERROR 文件上传失败' 
2018-06-27 16:07:27,413 ERROR 模板选择失败' 
2018-06-27 16:12:23,406 ERROR 模板选择失败' 
2018-06-27 16:12:23,436 ERROR 文件上传失败' 
2018-06-27 16:13:50,870 ERROR 模板选择失败' 
2018-06-27 16:20:45,682 ERROR 文件上传失败' 
2018-06-27 16:22:54,479 ERROR 模板选择失败' 
2018-06-27 16:24:04,860 ERROR 模板选择失败' 
2018-06-27 16:25:12,665 ERROR 文件上传失败' 
2018-06-27 16:53:30,934 ERROR 模板选择失败' 
2018-07-10 17:12:20,070 ERROR 收货失败' 
2018-07-10 17:13:52,150 ERROR 收货失败' 
2018-07-10 17:21:09,511 ERROR 找不到元素:('id', 'a33a890d-5626-4379-83c1-bb622f24e757')' 
2018-07-10 17:21:09,513 ERROR 收货失败' 
2018-07-10 17:28:15,542 ERROR 找不到元素:('id', 'a33a890d-5626-4379-83c1-bb622f24e757')' 
2018-07-10 17:28:15,544 ERROR 收货失败' 
2018-07-10 17:29:18,264 ERROR 找不到元素:('link text', '\xe6\x94\xb6\xe8\xb4\xa7\xe6\xae\xb5')' 
2018-07-10 17:29:21,269 ERROR 找不到元素:('link text', '\xe6\x94\xb6\xe8\xb4\xa7')' 
2018-07-10 17:29:24,270 ERROR 找不到元素:('id', 'a33a890d-5626-4379-83c1-bb622f24e757')' 
2018-07-10 17:29:24,271 ERROR 收货失败' 
2018-07-10 17:39:03,049 ERROR 收货失败' 
2018-07-10 17:42:59,410 ERROR 找不到元素:('partial link text', '\xe6\x94\xb6\xe8\xb4\xa7\xe6\xae\xb5')' 
2018-07-10 17:43:02,414 ERROR 找不到元素:('partial link text', '\xe6\x94\xb6\xe8\xb4\xa7')' 
2018-07-10 17:43:05,416 ERROR 找不到元素:('id', 'fba0128d-2891-4ae9-9a94-af626174983c')' 
2018-07-10 17:43:05,417 ERROR 收货失败' 
2018-07-10 17:44:51,444 ERROR 找不到元素:('id', 'fba0128d-2891-4ae9-9a94-af626174983c')' 
2018-07-10 17:44:51,445 ERROR 收货失败' 
2018-07-10 17:45:27,323 ERROR 找不到元素:('id', 'fba0128d-2891-4ae9-9a94-af626174983c')' 
2018-07-10 17:45:27,325 ERROR 收货失败' 
2018-07-10 17:47:45,287 ERROR 找不到元素:('id', 'fba0128d-2891-4ae9-9a94-af626174983c')' 
2018-07-10 17:47:45,289 ERROR 收货失败' 
2018-07-10 17:51:44,078 ERROR 找不到元素:('id', 'fba0128d-2891-4ae9-9a94-af626174983c')' 
2018-07-10 17:51:44,078 ERROR 收货失败' 
2018-07-10 17:54:04,078 ERROR 找不到元素:('id', 'fba0128d-2891-4ae9-9a94-af626174983c')' 
2018-07-10 17:54:15,835 ERROR 找不到元素:('id', 'fba0128d-2891-4ae9-9a94-af626174983c')' 
2018-07-10 17:57:25,905 ERROR 找不到元素:('id', 'be9c632f-c631-4987-8d6b-0470100349e1')' 
2018-07-10 18:12:05,276 ERROR 找不到元素:('id', 'be9c632f-c631-4987-8d6b-0470100349e1')' 
2018-07-12 17:37:18,290 ERROR 找不到元素:('id', 'be9c632f-c631-4987-8d6b-0470100349e1')' 
2018-07-12 17:37:18,291 ERROR 收货失败' 
2018-07-12 17:52:09,608 ERROR 找不到元素:('xpath', '//*[@id="be9c632f-c631-4987-8d6b-0470100349e1"]')' 
2018-07-12 17:52:09,615 ERROR 收货失败' 
2018-07-12 17:53:53,096 ERROR 找不到元素:('css selector', '#be9c632f-c631-4987-8d6b-0470100349e1')' 
2018-07-12 17:53:53,104 ERROR 收货失败' 
2018-07-12 17:56:18,450 ERROR 找不到元素:('css selector', '#be9c632f-c631-4987-8d6b-0470100349e1')' 
2018-07-12 17:56:18,458 ERROR 收货失败' 
2018-07-12 18:00:16,181 ERROR 找不到元素:('id', 'a33a890d-5626-4379-83c1-bb622f24e757')' 
2018-07-12 18:00:16,183 ERROR 找不到元素:('id', 'a33a890d-5626-4379-83c1-bb622f24e757')' 
2018-07-12 18:00:16,183 ERROR 收货失败' 
2018-07-12 18:09:14,041 ERROR 找不到元素:('css selector', '#be9c632f-c631-4987-8d6b-0470100349e1')' 
2018-07-12 18:09:17,651 ERROR 找不到元素:('css selector', '#be9c632f-c631-4987-8d6b-0470100349e1')' 
2018-07-13 14:27:34,157 ERROR 收货失败' 
2018-07-13 14:46:56,121 ERROR 收货失败' 
2018-07-13 15:16:28,198 ERROR 未能正确打开页面:http://192.168.1.79:8080' 
2018-07-13 15:16:34,903 ERROR 找不到元素:('name', 'name')' 
2018-07-13 15:27:27,256 ERROR 收货失败' 
2018-07-13 15:31:15,593 ERROR 收货失败' 
2018-07-16 10:24:57,324 ERROR 未能正确打开页面:http://192.168.1.79:8080' 
2018-07-16 10:25:06,970 ERROR 找不到元素:('name', 'name')' 
2018-07-17 16:43:25,308 ERROR 找不到元素:('.', 'i', 'c', 'o', 'n', '-', 'l', 'o', 'g', 'o', 'u', 't')' 
2018-07-26 16:46:56,347 ERROR 找不到元素:('xpath', '/html/body/div[1]/div[1]/div/div[3]/ul/li[3]')' 
2018-07-26 16:56:49,400 INFO 收货成功' 
2018-07-26 17:00:22,176 INFO 收货成功' 
2018-07-26 17:00:57,183 INFO 20180726165941佐川分拣码获取正确' 
2018-07-26 17:00:57,725 INFO 20180726165941佐川分拣码获取正确' 
2018-07-26 17:00:57,726 INFO 20180726165941分拣码获取正确' 
2018-07-26 17:01:54,798 INFO 收货成功' 
2018-07-26 17:02:41,225 INFO 20180726170110佐川分拣码获取正确' 
2018-07-26 17:02:41,394 INFO 20180726170110佐川分拣码获取正确' 
2018-07-26 17:02:41,395 INFO 20180726170110分拣码获取正确' 
2018-07-26 17:03:31,367 INFO 收货成功' 
2018-07-26 17:04:03,802 INFO 20180726170257YGX分拣码获取正确' 
2018-07-26 17:04:04,272 INFO 20180726170257YGX分拣码获取正确' 
2018-07-26 17:04:04,273 INFO 20180726170257分拣码获取正确' 
2018-07-26 17:04:59,694 INFO 收货成功' 
2018-07-26 17:05:32,930 INFO 20180726170417YGX分拣码获取正确' 
2018-07-26 17:05:33,676 INFO 20180726170417YGX分拣码获取正确' 
2018-07-26 17:05:33,678 INFO 20180726170417分拣码获取正确' 
2018-07-26 17:06:29,939 INFO 收货成功' 
2018-07-26 17:07:02,662 INFO 20180726170548分拣码获取错误' 
2018-07-26 17:07:02,858 INFO 20180726170548台湾分拣码不做校验' 
2018-07-26 17:07:51,565 INFO 收货成功' 
2018-07-26 17:08:29,438 INFO 20180726170717老黑猫分拣码获取正确' 
2018-07-26 17:08:29,697 INFO 20180726170717老黑猫分拣码获取正确' 
2018-07-26 17:08:29,698 INFO 20180726170717分拣码获取正确' 
2018-07-26 17:09:20,799 INFO 收货成功' 
2018-07-26 17:09:56,176 INFO 20180726170844老黑猫分拣码获取正确' 
2018-07-26 17:09:56,442 INFO 20180726170844老黑猫分拣码获取正确' 
2018-07-26 17:09:56,443 INFO 20180726170844分拣码获取正确' 
2018-07-26 17:10:43,266 INFO 收货成功' 
2018-07-26 17:11:57,679 INFO 20180726171010老黑猫分拣码获取正确' 
2018-07-26 17:11:57,931 INFO 20180726171010老黑猫分拣码获取正确' 
2018-07-26 17:11:57,932 INFO 20180726171010分拣码获取正确' 
2018-07-26 17:12:37,519 INFO 收货成功' 
2018-07-26 17:13:07,329 INFO 20180726171208老黑猫分拣码获取正确' 
2018-07-26 17:13:07,527 INFO 20180726171208老黑猫分拣码获取正确' 
2018-07-26 17:13:07,528 INFO 20180726171208分拣码获取正确' 
2018-07-26 17:13:45,981 INFO 收货成功' 
2018-07-26 17:14:12,394 INFO 20180726171318老黑猫分拣码获取正确' 
2018-07-26 17:14:12,554 INFO 20180726171318老黑猫分拣码获取正确' 
2018-07-26 17:14:12,555 INFO 20180726171318分拣码获取正确' 
2018-07-26 17:14:56,173 INFO 收货成功' 
2018-07-26 17:25:14,049 INFO 收货成功' 
2018-07-26 17:29:26,888 INFO 20180726172443佐川分拣码获取正确' 
2018-07-26 17:29:26,937 INFO 20180726172443佐川分拣码获取正确' 
2018-07-26 17:29:26,937 INFO 20180726172443分拣码获取正确' 
2018-07-26 17:30:08,132 INFO 收货成功' 
2018-07-26 17:34:32,409 INFO 20180726172937佐川分拣码获取正确' 
2018-07-26 17:34:33,158 INFO 20180726172937佐川分拣码获取正确' 
2018-07-26 17:34:33,159 INFO 20180726172937分拣码获取正确' 
2018-07-26 17:40:11,160 INFO 收货成功' 
2018-07-26 17:40:40,471 INFO 20180726173533YGX分拣码获取正确' 
2018-07-26 17:40:40,675 INFO 20180726173533YGX分拣码获取正确' 
2018-07-26 17:40:40,675 INFO 20180726173533分拣码获取正确' 
2018-07-26 17:41:27,416 INFO 收货成功' 
2018-07-26 17:41:55,551 INFO 20180726174051YGX分拣码获取正确' 
2018-07-26 17:41:55,747 INFO 20180726174051YGX分拣码获取正确' 
2018-07-26 17:41:55,747 INFO 20180726174051分拣码获取正确' 
2018-07-26 17:42:45,328 INFO 收货成功' 
2018-07-26 17:43:17,210 INFO 20180726174206佐川分拣码获取正确' 
2018-07-26 17:43:17,319 INFO 20180726174206佐川分拣码获取正确' 
2018-07-26 17:43:17,319 INFO 20180726174206分拣码获取正确' 
2018-07-26 17:44:06,502 INFO 收货成功' 
2018-07-26 17:44:50,829 INFO 20180726174328老黑猫分拣码获取正确' 
2018-07-26 17:44:50,984 INFO 20180726174328老黑猫分拣码获取正确' 
2018-07-26 17:44:50,985 INFO 20180726174328分拣码获取正确' 
2018-07-26 17:45:42,854 INFO 收货成功' 
2018-07-26 17:46:46,407 INFO 20180726174505老黑猫分拣码获取正确' 
2018-07-26 17:46:46,758 INFO 20180726174505老黑猫分拣码获取正确' 
2018-07-26 17:46:46,759 INFO 20180726174505分拣码获取正确' 
2018-07-26 17:47:33,233 INFO 收货成功' 
2018-07-26 17:48:05,620 INFO 20180726174658老黑猫分拣码获取正确' 
2018-07-26 17:48:05,853 INFO 20180726174658老黑猫分拣码获取正确' 
2018-07-26 17:48:05,854 INFO 20180726174658分拣码获取正确' 
2018-07-26 17:49:12,097 INFO 收货成功' 
2018-07-26 17:49:43,037 INFO 20180726174834老黑猫分拣码获取正确' 
2018-07-26 17:49:43,251 INFO 20180726174834老黑猫分拣码获取正确' 
2018-07-26 17:49:43,251 INFO 20180726174834分拣码获取正确' 
2018-07-26 17:50:24,627 INFO 收货成功' 
2018-07-26 17:50:52,359 INFO 20180726174954老黑猫分拣码获取正确' 
2018-07-26 17:50:52,602 INFO 20180726174954老黑猫分拣码获取正确' 
2018-07-26 17:50:52,602 INFO 20180726174954分拣码获取正确' 
2018-07-26 17:51:33,703 INFO 收货成功' 
2018-07-26 18:39:38,222 INFO 20180726183801输单配送服务选择正确' 
2018-07-26 18:39:38,368 INFO 20180726183801分拣码获取正确' 
2018-07-26 18:41:07,248 INFO 20180726184002输单配送服务选择正确' 
2018-07-26 18:41:07,334 INFO 20180726184002分拣码获取正确' 
2018-07-26 18:42:18,967 INFO 20180726184117输单配送服务选择正确' 
2018-07-26 18:42:19,327 INFO 20180726184117分拣码获取正确' 
2018-07-26 18:43:32,399 INFO 20180726184230输单配送服务选择正确' 
2018-07-26 18:43:32,765 INFO 20180726184230分拣码获取正确' 
2018-07-26 18:44:43,265 INFO 20180726184343输单配送服务选择正确' 
2018-07-26 18:44:43,364 INFO 20180726184343分拣码获取正确' 
2018-07-26 18:45:51,892 INFO 20180726184453输单配送服务选择正确' 
2018-07-26 18:45:52,577 INFO 20180726184453分拣码获取正确' 
2018-07-26 18:47:06,424 INFO 20180726184603输单配送服务选择正确' 
2018-07-26 18:47:06,969 INFO 20180726184603分拣码获取正确' 
2018-07-26 18:48:19,542 INFO 20180726184717输单配送服务选择正确' 
2018-07-26 18:48:20,037 INFO 20180726184717分拣码获取正确' 
2018-07-26 18:49:38,360 INFO 20180726184830输单配送服务选择正确' 
2018-07-26 18:49:38,956 INFO 20180726184830分拣码获取正确' 
2018-07-26 18:50:52,648 INFO 20180726184949输单配送服务选择正确' 
2018-07-26 18:50:53,013 INFO 20180726184949分拣码获取正确' 
2018-07-26 18:52:36,352 INFO 20180726185117输单配送服务选择错误' 
2018-07-31 11:17:29,732 INFO 20180731111424分拣码获取正确' 
2018-07-31 11:17:33,068 INFO 20180731111424输单配送服务选择正确' 
2018-07-31 11:19:35,138 INFO 20180731111752分拣码获取正确' 
2018-07-31 11:19:39,115 INFO 20180731111752输单配送服务选择正确' 
2018-07-31 11:22:11,206 INFO 20180731111955分拣码获取正确' 
2018-07-31 11:22:14,732 INFO 20180731111955输单配送服务选择正确' 
2018-08-02 11:37:07,833 INFO 收货成功' 
2018-08-02 11:39:35,139 INFO 收货成功' 
2018-08-02 11:44:46,040 INFO 收货成功' 
2018-08-02 11:45:44,396 INFO 20180802114416分拣码获取正确' 
2018-08-02 11:46:34,361 INFO 收货成功' 
2018-08-02 11:47:09,220 INFO 20180802114601分拣码获取正确' 
2018-08-02 11:47:47,914 INFO 收货成功' 
2018-08-02 11:48:13,898 INFO 20180802114720分拣码获取正确' 
2018-08-02 11:49:02,099 INFO 收货成功' 
2018-08-02 11:49:29,977 INFO 20180802114830分拣码获取正确' 
2018-08-02 11:50:10,469 INFO 收货成功' 
2018-08-02 11:50:35,720 INFO 20180802114940分拣码获取正确' 
2018-08-02 11:51:16,420 INFO 收货成功' 
2018-08-02 11:51:44,270 INFO 20180802115046分拣码获取正确' 
2018-08-02 11:52:26,557 INFO 收货成功' 
2018-08-02 11:52:52,034 INFO 20180802115154分拣码获取正确' 
2018-08-02 11:54:14,508 INFO 收货成功' 
2018-08-02 11:54:53,744 INFO 20180802115340分拣码获取正确' 
2018-08-02 11:57:15,621 INFO 收货成功' 
2018-08-02 11:57:52,694 INFO 20180802115504分拣码获取正确' 
2018-08-02 11:58:32,044 INFO 收货成功' 
2018-08-02 11:58:58,358 INFO 20180802115803分拣码获取正确' 
2018-08-02 14:40:24,177 INFO 收货成功' 
2018-08-02 14:52:45,979 INFO 收货成功' 
2018-08-02 14:54:32,099 INFO 收货成功' 
2018-08-02 14:55:01,078 INFO 收货成功' 
2018-08-02 14:55:28,349 INFO 收货成功' 
2018-08-02 14:55:49,244 INFO 收货成功' 
2018-08-02 14:56:10,088 INFO 收货成功' 
2018-08-02 14:56:31,091 INFO 收货成功' 
2018-08-02 14:56:52,036 INFO 收货成功' 
2018-08-02 14:57:13,187 INFO 收货成功' 
2018-08-02 14:58:43,181 INFO 收货成功' 
2018-08-02 14:59:04,192 INFO 收货成功' 
2018-08-02 14:59:24,918 INFO 收货成功' 
2018-08-02 14:59:57,074 INFO 收货成功' 
2018-08-02 15:00:17,855 INFO 收货成功' 
2018-08-02 15:01:43,858 INFO 收货成功' 
2018-08-02 15:03:16,884 INFO 收货成功' 
2018-08-02 15:04:29,347 INFO 收货成功' 
2018-08-02 15:06:24,894 INFO 收货成功' 
2018-08-02 15:08:30,406 INFO 收货成功' 
2018-08-02 15:09:18,565 INFO 收货成功' 
2018-08-02 15:09:45,699 INFO 收货成功' 
2018-08-02 15:11:09,813 INFO 20180802145407分拣码获取正确' 
2018-08-02 15:11:49,622 INFO 20180802145437分拣码获取正确' 
2018-08-02 15:12:07,055 INFO 20180802145507分拣码获取正确' 
2018-08-02 15:12:24,374 INFO 20180802145528分拣码获取正确' 
2018-08-02 15:12:49,285 INFO 20180802145407分拣码获取正确' 
2018-08-02 15:13:06,990 INFO 20180802145437分拣码获取正确' 
2018-08-02 15:13:24,389 INFO 20180802145507分拣码获取正确' 
2018-08-02 15:14:16,044 INFO 20180802145528分拣码获取正确' 
2018-08-02 15:18:55,947 INFO 收货成功' 
2018-08-02 15:19:25,148 INFO 收货成功' 
2018-08-02 15:19:45,972 INFO 收货成功' 
2018-08-02 15:20:36,641 INFO 收货成功' 
2018-08-02 15:22:09,429 INFO 收货成功' 
2018-08-02 15:23:40,324 INFO 收货成功' 
2018-08-02 15:24:01,836 INFO 收货成功' 
2018-08-02 15:24:22,713 INFO 收货成功' 
2018-08-02 15:27:56,236 INFO 收货成功' 
2018-08-02 15:28:27,369 INFO 收货成功' 
2018-08-02 15:28:48,430 INFO 收货成功' 
2018-08-02 15:31:14,886 INFO 收货成功' 
2018-08-02 15:31:37,636 INFO 收货成功' 
2018-08-02 15:31:58,684 INFO 收货成功' 
2018-08-02 15:32:47,854 INFO 收货成功' 
2018-08-02 15:33:34,420 INFO 收货成功' 
2018-08-02 15:33:55,227 INFO 收货成功' 
2018-08-02 15:34:16,034 INFO 收货成功' 
2018-08-02 15:34:36,852 INFO 收货成功' 
2018-08-02 15:34:57,628 INFO 收货成功' 
2018-08-02 15:35:47,774 INFO 20180802151834分拣码获取正确' 
2018-08-02 15:36:32,965 INFO 20180802151855分拣码获取正确' 
2018-08-02 15:37:30,605 INFO 20180802151925分拣码获取正确' 
2018-08-02 15:37:48,011 INFO 20180802151945分拣码获取正确' 
2018-08-02 15:38:51,297 INFO 20180802152036分拣码获取正确' 
2018-08-02 15:39:59,465 INFO 20180802152213分拣码获取正确' 
2018-08-02 15:40:34,777 INFO 20180802152340分拣码获取正确' 
2018-08-02 15:40:53,377 INFO 20180802152401分拣码获取正确' 
2018-08-02 15:41:24,451 INFO 20180802152422分拣码获取正确' 
2018-08-02 15:45:47,455 INFO 20180802152756分拣码获取正确' 
2018-08-02 15:46:04,906 INFO 20180802152827分拣码获取正确' 
2018-08-02 15:46:22,257 INFO 20180802152848分拣码获取正确' 
2018-08-02 15:49:36,817 INFO 20180802153115分拣码获取正确' 
2018-08-02 15:50:59,747 INFO 20180802153137分拣码获取正确' 
2018-08-02 15:51:17,536 INFO 20180802153158分拣码获取正确' 
2018-08-02 15:51:35,325 INFO 20180802153247分拣码获取正确' 
2018-08-02 15:51:53,920 INFO 20180802153334分拣码获取正确' 
2018-08-02 15:52:11,663 INFO 20180802153355分拣码获取正确' 
2018-08-02 16:23:32,781 INFO 20180802161147输单配送服务选择正确' 
2018-08-02 16:26:26,285 INFO 20180802161215输单配送服务选择正确' 
2018-08-02 16:27:34,452 INFO 20180802161245输单配送服务选择正确' 
2018-08-02 16:28:40,653 INFO 20180802161313输单配送服务选择正确' 
2018-08-02 16:29:04,871 INFO 20180802161514输单配送服务选择正确' 
2018-08-02 16:30:20,808 INFO 20180802161541输单配送服务选择正确' 
2018-08-02 16:32:16,073 INFO 20180802161708输单配送服务选择正确' 
2018-08-02 16:34:01,790 INFO 20180802161738输单配送服务选择正确' 
2018-08-02 16:34:26,010 INFO 20180802162059输单配送服务选择正确' 
2018-08-02 16:34:52,804 INFO 20180802162144输单配送服务选择正确' 
2018-08-03 18:16:05,220 INFO 收货未保存成功,测试停止' 
